<?xml version="1.0" encoding="UTF-8"?>
<!-- Generated by org.testng.reporters.JUnitReportReporter -->
<testsuite hostname="Omutwar" failures="0" tests="3" name="package3.Test2" time="15.813" errors="0" timestamp="2023-02-22T00:23:53 CST" skipped="0">
  <testcase classname="package3.Test2" name="test2" time="6.864"/>
  <system-out/>
  <testcase classname="package3.Test2" name="test3" time="2.338"/>
  <system-out/>
  <testcase classname="package3.Test2" name="test1" time="6.611"/>
  <system-out/>
</testsuite> <!-- package3.Test2 -->
