<?xml version="1.0" encoding="UTF-8"?>
<!-- Generated by org.testng.reporters.JUnitReportReporter -->
<testsuite hostname="DESKTOP-GPC8AE0" failures="0" tests="2" name="amazonHP.AmazonTest1" time="0.009" errors="0" timestamp="2023-02-07T21:22:33 CST" skipped="0">
  <testcase classname="amazonHP.AmazonTest1" name="test1" time="0.006"/>
  <system-out/>
  <testcase classname="amazonHP.AmazonTest1" name="test2" time="0.003"/>
  <system-out/>
</testsuite> <!-- amazonHP.AmazonTest1 -->
