<?xml version="1.0" encoding="UTF-8"?>
<!-- Generated by org.testng.reporters.JUnitReportReporter -->
<testsuite hostname="hakania" failures="0" tests="3" name="demo1.Day3" time="0.007" errors="0" timestamp="2021-12-18T00:57:07 PST" skipped="0">
  <testcase classname="demo1.Day3" name="bankLoadApp" time="0.001"/>
  <system-out/>
  <testcase classname="demo1.Day3" name="bankLoadApp3" time="0.004"/>
  <system-out/>
  <testcase classname="demo1.Day3" name="bankLoadApp2" time="0.002"/>
  <system-out/>
</testsuite> <!-- demo1.Day3 -->
