<?xml version="1.0" encoding="UTF-8"?>
<!-- Generated by org.testng.reporters.JUnitReportReporter -->
<testsuite hostname="DESKTOP-GPC8AE0" failures="0" tests="1" name="package3.Test2" time="6.884" errors="0" timestamp="2023-02-07T21:29:45 CST" skipped="0">
  <testcase classname="package3.Test2" name="test1" time="6.884"/>
  <system-out/>
</testsuite> <!-- package3.Test2 -->
