<?xml version="1.0" encoding="UTF-8"?>
<!-- Generated by org.testng.reporters.JUnitReportReporter -->
<testsuite hostname="hakania" failures="0" tests="2" name="demo1.Day2" time="0.003" errors="0" timestamp="2021-12-18T00:56:32 PST" skipped="0">
  <testcase classname="demo1.Day2" name="carLoan2" time="0.002"/>
  <system-out/>
  <testcase classname="demo1.Day2" name="carLoan1" time="0.001"/>
  <system-out/>
</testsuite> <!-- demo1.Day2 -->
