<?xml version="1.0" encoding="UTF-8"?>
<!-- Generated by org.testng.reporters.JUnitReportReporter -->
<testsuite hostname="hakania" failures="0" tests="3" name="demo1.NewTest" time="0.008" errors="0" timestamp="2021-12-18T00:57:07 PST" skipped="0">
  <testcase classname="demo1.NewTest" name="bankLoadApp5" time="0.002"/>
  <system-out/>
  <testcase classname="demo1.NewTest" name="bankLoadApp4" time="0.003"/>
  <system-out/>
  <testcase classname="demo1.NewTest" name="f" time="0.003"/>
  <system-out/>
</testsuite> <!-- demo1.NewTest -->
