<?xml version="1.0" encoding="UTF-8"?>
<!-- Generated by org.testng.reporters.JUnitReportReporter -->
<testsuite hostname="hakania" failures="0" tests="5" name="demo1.Day1" time="0.015" errors="0" timestamp="2021-12-18T00:57:07 PST" skipped="0">
  <testcase classname="demo1.Day1" name="tabletAppLogin" time="0.006"/>
  <system-out/>
  <testcase classname="demo1.Day1" name="webAppLogin" time="0.004"/>
  <system-out/>
  <testcase classname="demo1.Day1" name="mobileAppLogin" time="0.002"/>
  <system-out/>
  <testcase classname="demo1.Day1" name="bankLogout" time="0.001"/>
  <system-out/>
  <testcase classname="demo1.Day1" name="bankLogin" time="0.002"/>
  <system-out/>
</testsuite> <!-- demo1.Day1 -->
