<?xml version="1.0" encoding="UTF-8"?>
<!-- Generated by org.testng.reporters.JUnitReportReporter -->
<testsuite hostname="hakania" failures="0" tests="1" name="apiTesting.Test01_Get" time="0.010" errors="0" timestamp="2021-08-20T00:25:10 PDT" skipped="0">
  <testcase classname="apiTesting.Test01_Get" name="test01" time="0.010"/>
  <system-out/>
</testsuite> <!-- apiTesting.Test01_Get -->
